<?xml version="1.0" encoding="UTF-8"?>
<!-- Generated by org.testng.reporters.JUnitXMLReporter -->
<testsuite ignored="1" hostname="Rudra-Heart" failures="0" tests="1" name="Default test" time="4.322" errors="0" timestamp="2023-06-25T18:07:03 IST">
  <testcase classname="com.restfulbooker.apitest.businessLogics.LoginTest" name="validLoginTest" time="4.27"/>
  <testcase classname="com.restfulbooker.apitest.businessLogics.LoginTest" name="invalidLoginTest" time="0.0">
    <ignored/>
  </testcase> <!-- invalidLoginTest -->
</testsuite> <!-- Default test -->
