<?xml version="1.0" encoding="UTF-8"?>
<testng-results ignored="1" total="2" passed="1" failed="0" skipped="0">
  <reporter-output>
  </reporter-output>
  <suite started-at="2023-06-25T18:06:59 IST" name="Default suite" finished-at="2023-06-25T18:07:03 IST" duration-ms="4322">
    <groups>
    </groups>
    <test started-at="2023-06-25T18:06:59 IST" name="Default test" finished-at="2023-06-25T18:07:03 IST" duration-ms="4322">
      <class name="com.restfulbooker.apitest.businessLogics.LoginTest">
        <test-method signature="validLoginTest(java.lang.reflect.Method)[pri:0, instance:com.restfulbooker.apitest.businessLogics.LoginTest@3a93b025]" started-at="2023-06-25T18:06:59 IST" name="validLoginTest" finished-at="2023-06-25T18:07:03 IST" duration-ms="4270" status="PASS">
          <params>
            <param index="0">
              <value>
                <![CDATA[public void com.restfulbooker.apitest.businessLogics.LoginTest.validLoginTest(java.lang.reflect.Method)]]>
              </value>
            </param>
          </params>
          <reporter-output>
          </reporter-output>
        </test-method> <!-- validLoginTest -->
      </class> <!-- com.restfulbooker.apitest.businessLogics.LoginTest -->
    </test> <!-- Default test -->
  </suite> <!-- Default suite -->
</testng-results>
